2020-10-03 23:26:58,642 [INFO] driver: ********** This is the SETUP fixture to run before your scope of your fixture *********
2020-10-03 23:27:03,826 [INFO] driver: **********  SETUP fixture completed **********
2020-10-03 23:27:03,830 [INFO] test_login_case1: test_login_case1 started....
2020-10-03 23:27:20,483 [INFO] test_login_case1: successfully signed in  
2020-10-03 23:27:20,483 [INFO] test_login_case1: signing out now.....
2020-10-03 23:27:21,960 [INFO] test_login_case1: test_login_case1 completed
2020-10-03 23:27:21,960 [INFO] driver: ******** This is the TEARDOWN steps after each of your scope *************
2020-10-03 23:27:21,968 [INFO] driver: Current url:  http://automationpractice.com/index.php?controller=authentication&back=my-account
2020-10-03 23:27:21,975 [INFO] driver: Current title: Login - My Store
2020-10-03 23:27:21,975 [INFO] driver: Current win_handle: CDwindow-468DAD264297273B4B7BDBFF8FA30A98
2020-10-03 23:27:21,975 [INFO] driver: Current name: chrome
2020-10-03 23:27:24,147 [INFO] driver: browser is closed
2020-10-03 23:27:24,147 [INFO] driver: ********  TEARDOWN completed *************
2020-10-03 23:41:24,172 [INFO] driver: ********** This is the SETUP fixture to run before your scope of your fixture *********
2020-10-03 23:41:29,440 [INFO] driver: **********  SETUP fixture completed **********
2020-10-03 23:41:29,440 [INFO] test_login_case1: test_login_case1 started....
2020-10-03 23:41:47,006 [INFO] test_login_case1: successfully signed in  
2020-10-03 23:41:47,006 [INFO] test_login_case1: signing out now.....
2020-10-03 23:41:49,004 [INFO] test_login_case1: test_login_case1 completed
2020-10-03 23:41:49,004 [INFO] driver: ******** This is the TEARDOWN steps after each of your scope *************
2020-10-03 23:41:49,012 [INFO] driver: Current url:  http://automationpractice.com/index.php?controller=authentication&back=my-account
2020-10-03 23:41:49,020 [INFO] driver: Current title: Login - My Store
2020-10-03 23:41:49,024 [INFO] driver: Current win_handle: CDwindow-AA3D02F2AAEAC18BEDF756D52A0D161A
2020-10-03 23:41:49,024 [INFO] driver: Current name: chrome
2020-10-03 23:41:51,171 [INFO] driver: browser is closed
2020-10-03 23:41:51,171 [INFO] driver: ********  TEARDOWN completed *************
==================================================




-------------------------------------------------