2021-03-18 19:16:49,114 [INFO] driver: ********** This is the SETUP fixture to run before your scope of your fixture *********
2021-03-18 19:16:50,252 [INFO] driver: **********  SETUP fixture completed **********
2021-03-18 19:16:50,252 [INFO] test_login_case1: test_login_case1 started....
2021-03-18 19:16:53,139 [INFO] click_element_by_xpath: xpath provided: //a[@class='login']
2021-03-18 19:16:53,234 [INFO] click_element_by_xpath: clicking the element
2021-03-18 19:16:56,643 [INFO] enter_text_by_xpath: xpath provided: //input[@id='email']
2021-03-18 19:16:56,659 [INFO] enter_text_by_xpath: entering the following text :helo@email.com
2021-03-18 19:16:56,731 [INFO] enter_email: email entered helo@email.com
2021-03-18 19:16:56,735 [INFO] enter_text_by_xpath: xpath provided: //input[@id='passwd']
2021-03-18 19:16:56,743 [INFO] enter_text_by_xpath: entering the following text :612345
2021-03-18 19:16:56,791 [INFO] enter_password: email entered 612345
2021-03-18 19:16:56,791 [INFO] click_element_by_xpath: xpath provided: <bound method LoginPage.click_sign_in_button of <src.pages.login_page.LoginPage object at 0x0000027B2E9AD9A0>>
2021-03-18 19:16:56,999 [INFO] driver: ******** This is the TEARDOWN steps after each of your scope *************
2021-03-18 19:16:57,003 [INFO] driver: Current url:  http://automationpractice.com/index.php?controller=authentication&back=my-account
2021-03-18 19:16:57,007 [INFO] driver: Current title: Login - My Store
2021-03-18 19:16:57,007 [INFO] driver: Current win_handle: CDwindow-D54CB8E098CCD3FF10053B4967466B9F
2021-03-18 19:16:57,007 [INFO] driver: Current name: chrome
2021-03-18 19:16:59,139 [INFO] driver: browser is closed
2021-03-18 19:16:59,139 [INFO] driver: ********  TEARDOWN completed *************
2021-03-18 19:18:01,375 [INFO] driver: ********** This is the SETUP fixture to run before your scope of your fixture *********
2021-03-18 19:18:02,411 [INFO] driver: **********  SETUP fixture completed **********
2021-03-18 19:18:02,411 [INFO] test_login_case1: test_login_case1 started....
2021-03-18 19:18:05,409 [INFO] click_element_by_xpath: xpath provided: //a[@class='login']
2021-03-18 19:18:05,449 [INFO] click_element_by_xpath: clicking the element
2021-03-18 19:18:09,518 [INFO] enter_text_by_xpath: xpath provided: //input[@id='email']
2021-03-18 19:18:09,526 [INFO] enter_text_by_xpath: entering the following text :helo@email.com
2021-03-18 19:18:09,586 [INFO] enter_email: email entered helo@email.com
2021-03-18 19:18:09,590 [INFO] enter_text_by_xpath: xpath provided: //input[@id='passwd']
2021-03-18 19:18:09,598 [INFO] enter_text_by_xpath: entering the following text :612345
2021-03-18 19:18:09,646 [INFO] enter_password: email entered 612345
2021-03-18 19:18:09,646 [INFO] click_element_by_xpath: xpath provided: <bound method LoginPage.click_sign_in_button of <src.pages.login_page.LoginPage object at 0x00000200559F6460>>
2021-03-18 19:18:09,810 [INFO] driver: ******** This is the TEARDOWN steps after each of your scope *************
2021-03-18 19:18:09,814 [INFO] driver: Current url:  http://automationpractice.com/index.php?controller=authentication&back=my-account
2021-03-18 19:18:09,818 [INFO] driver: Current title: Login - My Store
2021-03-18 19:18:09,818 [INFO] driver: Current win_handle: CDwindow-6BD8FB0E3FE143C1E123BFC21EE6911F
2021-03-18 19:18:09,818 [INFO] driver: Current name: chrome
2021-03-18 19:18:11,969 [INFO] driver: browser is closed
2021-03-18 19:18:11,969 [INFO] driver: ********  TEARDOWN completed *************
